{"message":"Bookmark with id 1 not found.","level":"error"}
{"message":"Bookmark with id id not found.","level":"error"}
{"message":"URL is required","level":"error"}
{"message":"URL is required","level":"error"}
{"message":"Bookmark with id 96627858-ee45-4ccc-adb6-0093c825aaa1 not found.","level":"error"}
{"message":"Bookmark with id 96627858-ee45-4ccc-adb6-0093c825aaa1 not found.","level":"error"}
{"message":"Bookmark with id 63ef4aef-e8fa-42cf-9738-4b6611ff4d3f was deleted.","level":"info"}
{"message":"Invalid rating 'undefined' supplied","level":"error"}
{"message":"rating is required","level":"error"}
{"message":"Invalid rating '3' supplied","level":"error"}
{"message":"Invalid rating '3' supplied","level":"error"}
{"message":"Unauthorized request to path: /bookmarks","level":"error"}
{"message":"Unauthorized request to path: /bookmarks","level":"error"}
{"message":"Unauthorized request to path: /bookmarks","level":"error"}
{"message":"Unauthorized request to path: /bookmarks","level":"error"}
{"message":"Unauthorized request to path: /bookmarks","level":"error"}
{"message":"Unauthorized request to path: /bookmarks","level":"error"}
{"message":"Unauthorized request to path: /bookmarks","level":"error"}
{"message":"Unauthorized request to path: /bookmarks","level":"error"}
{"message":"Unauthorized request to path: /bookmarks","level":"error"}
{"message":"Unauthorized request to path: /bookmarks","level":"error"}
{"message":"Unauthorized request to path: /bookmarks","level":"error"}
{"message":"Unauthorized request to path: /bookmarks","level":"error"}
{"message":"Unauthorized request to path: /bookmarks","level":"error"}
{"message":"Unauthorized request to path: /bookmarks","level":"error"}
{"message":"Unauthorized request to path: /bookmarks","level":"error"}
{"message":"Unauthorized request to path: /bookmarks","level":"error"}
{"message":"Unauthorized request to path: /bookmarks","level":"error"}
{"message":"Unauthorized request to path: /bookmarks","level":"error"}
{"message":"Unauthorized request to path: /bearer","level":"error"}
{"message":"Unauthorized request to path: /bearer","level":"error"}
{"message":"Unauthorized request to path: /bearer","level":"error"}
{"message":"Unauthorized request to path: /bookmarks","level":"error"}
{"message":"Unauthorized request to path: /bookmarks","level":"error"}
{"message":"Bookmark with id d389b19f-f1af-40e2-9c79-05a626f7703d created","level":"info"}
